{"/Users/learnacademy/Desktop/Flavian-Fairway/app/javascript/components/components2/Footer.js": {"path":"/Users/learnacademy/Desktop/Flavian-Fairway/app/javascript/components/components2/Footer.js","statementMap":{"0":{"start":{"line":3,"column":15},"end":{"line":10,"column":1}},"1":{"start":{"line":4,"column":2},"end":{"line":9,"column":4}}},"fnMap":{"0":{"name":"(anonymous_0)","decl":{"start":{"line":3,"column":15},"end":{"line":3,"column":16}},"loc":{"start":{"line":3,"column":21},"end":{"line":10,"column":1}},"line":3}},"branchMap":{},"s":{"0":1,"1":1},"f":{"0":1},"b":{},"_coverageSchema":"1a1c01bbd47fc00a2c39e90264f33305004495a9","hash":"6cc16818e9254ec5e4747d6f16b7dcdc585f8ff3"}
,"/Users/learnacademy/Desktop/Flavian-Fairway/app/javascript/components/components2/Header.js": {"path":"/Users/learnacademy/Desktop/Flavian-Fairway/app/javascript/components/components2/Header.js","statementMap":{"0":{"start":{"line":4,"column":15},"end":{"line":10,"column":1}},"1":{"start":{"line":5,"column":2},"end":{"line":9,"column":4}}},"fnMap":{"0":{"name":"(anonymous_0)","decl":{"start":{"line":4,"column":15},"end":{"line":4,"column":16}},"loc":{"start":{"line":4,"column":26},"end":{"line":10,"column":1}},"line":4}},"branchMap":{},"s":{"0":1,"1":2},"f":{"0":2},"b":{},"_coverageSchema":"1a1c01bbd47fc00a2c39e90264f33305004495a9","hash":"142e04adc96a43206a30b9bb6e3820f879f59186"}
,"/Users/learnacademy/Desktop/Flavian-Fairway/app/javascript/components/components2/Navigation.js": {"path":"/Users/learnacademy/Desktop/Flavian-Fairway/app/javascript/components/components2/Navigation.js","statementMap":{"0":{"start":{"line":12,"column":19},"end":{"line":93,"column":1}},"1":{"start":{"line":19,"column":2},"end":{"line":92,"column":4}}},"fnMap":{"0":{"name":"(anonymous_0)","decl":{"start":{"line":12,"column":19},"end":{"line":12,"column":20}},"loc":{"start":{"line":18,"column":6},"end":{"line":93,"column":1}},"line":18}},"branchMap":{"0":{"loc":{"start":{"line":27,"column":9},"end":{"line":33,"column":9}},"type":"binary-expr","locations":[{"start":{"line":27,"column":9},"end":{"line":27,"column":19}},{"start":{"line":28,"column":10},"end":{"line":32,"column":20}}],"line":27},"1":{"loc":{"start":{"line":34,"column":9},"end":{"line":40,"column":9}},"type":"binary-expr","locations":[{"start":{"line":34,"column":9},"end":{"line":34,"column":19}},{"start":{"line":35,"column":10},"end":{"line":39,"column":20}}],"line":34},"2":{"loc":{"start":{"line":41,"column":9},"end":{"line":54,"column":9}},"type":"binary-expr","locations":[{"start":{"line":41,"column":9},"end":{"line":41,"column":19}},{"start":{"line":42,"column":10},"end":{"line":53,"column":33}}],"line":41},"3":{"loc":{"start":{"line":55,"column":9},"end":{"line":61,"column":9}},"type":"binary-expr","locations":[{"start":{"line":55,"column":9},"end":{"line":55,"column":18}},{"start":{"line":56,"column":10},"end":{"line":60,"column":20}}],"line":55},"4":{"loc":{"start":{"line":62,"column":9},"end":{"line":68,"column":9}},"type":"binary-expr","locations":[{"start":{"line":62,"column":9},"end":{"line":62,"column":18}},{"start":{"line":63,"column":10},"end":{"line":67,"column":20}}],"line":62},"5":{"loc":{"start":{"line":69,"column":9},"end":{"line":89,"column":9}},"type":"binary-expr","locations":[{"start":{"line":69,"column":9},"end":{"line":69,"column":18}},{"start":{"line":70,"column":10},"end":{"line":88,"column":33}}],"line":69}},"s":{"0":2,"1":8},"f":{"0":8},"b":{"0":[8,4],"1":[8,4],"2":[8,4],"3":[8,4],"4":[4,0],"5":[4,0]},"_coverageSchema":"1a1c01bbd47fc00a2c39e90264f33305004495a9","hash":"2749ee687756649ac4e67c6ce601114b9dbf32fc"}
,"/Users/learnacademy/Desktop/Flavian-Fairway/app/javascript/components/pages/Competitive.js": {"path":"/Users/learnacademy/Desktop/Flavian-Fairway/app/javascript/components/pages/Competitive.js","statementMap":{"0":{"start":{"line":4,"column":20},"end":{"line":225,"column":1}},"1":{"start":{"line":6,"column":21},"end":{"line":8,"column":3}},"2":{"start":{"line":7,"column":16},"end":{"line":7,"column":50}},"3":{"start":{"line":11,"column":44},"end":{"line":11,"column":58}},"4":{"start":{"line":12,"column":42},"end":{"line":12,"column":56}},"5":{"start":{"line":13,"column":32},"end":{"line":13,"column":46}},"6":{"start":{"line":14,"column":32},"end":{"line":14,"column":43}},"7":{"start":{"line":15,"column":44},"end":{"line":15,"column":55}},"8":{"start":{"line":16,"column":32},"end":{"line":16,"column":47}},"9":{"start":{"line":17,"column":46},"end":{"line":17,"column":61}},"10":{"start":{"line":18,"column":39},"end":{"line":18,"column":54}},"11":{"start":{"line":19,"column":36},"end":{"line":19,"column":51}},"12":{"start":{"line":20,"column":44},"end":{"line":20,"column":59}},"13":{"start":{"line":23,"column":21},"end":{"line":30,"column":3}},"14":{"start":{"line":24,"column":4},"end":{"line":29,"column":44}},"15":{"start":{"line":25,"column":26},"end":{"line":25,"column":41}},"16":{"start":{"line":27,"column":8},"end":{"line":27,"column":33}},"17":{"start":{"line":29,"column":24},"end":{"line":29,"column":42}},"18":{"start":{"line":33,"column":22},"end":{"line":36,"column":3}},"19":{"start":{"line":34,"column":4},"end":{"line":34,"column":22}},"20":{"start":{"line":35,"column":4},"end":{"line":35,"column":14}},"21":{"start":{"line":38,"column":2},"end":{"line":48,"column":22}},"22":{"start":{"line":39,"column":4},"end":{"line":47,"column":5}},"23":{"start":{"line":40,"column":6},"end":{"line":40,"column":23}},"24":{"start":{"line":41,"column":11},"end":{"line":47,"column":5}},"25":{"start":{"line":42,"column":6},"end":{"line":42,"column":19}},"26":{"start":{"line":43,"column":11},"end":{"line":47,"column":5}},"27":{"start":{"line":44,"column":6},"end":{"line":44,"column":23}},"28":{"start":{"line":45,"column":11},"end":{"line":47,"column":5}},"29":{"start":{"line":46,"column":6},"end":{"line":46,"column":17}},"30":{"start":{"line":50,"column":2},"end":{"line":54,"column":22}},"31":{"start":{"line":51,"column":4},"end":{"line":53,"column":5}},"32":{"start":{"line":52,"column":6},"end":{"line":52,"column":19}},"33":{"start":{"line":56,"column":26},"end":{"line":64,"column":3}},"34":{"start":{"line":57,"column":4},"end":{"line":63,"column":5}},"35":{"start":{"line":58,"column":6},"end":{"line":58,"column":20}},"36":{"start":{"line":59,"column":6},"end":{"line":59,"column":26}},"37":{"start":{"line":61,"column":6},"end":{"line":61,"column":21}},"38":{"start":{"line":62,"column":6},"end":{"line":62,"column":26}},"39":{"start":{"line":65,"column":25},"end":{"line":73,"column":3}},"40":{"start":{"line":66,"column":4},"end":{"line":72,"column":5}},"41":{"start":{"line":67,"column":6},"end":{"line":67,"column":20}},"42":{"start":{"line":68,"column":6},"end":{"line":68,"column":26}},"43":{"start":{"line":70,"column":6},"end":{"line":70,"column":21}},"44":{"start":{"line":71,"column":6},"end":{"line":71,"column":26}},"45":{"start":{"line":74,"column":21},"end":{"line":82,"column":3}},"46":{"start":{"line":75,"column":4},"end":{"line":81,"column":5}},"47":{"start":{"line":76,"column":6},"end":{"line":76,"column":20}},"48":{"start":{"line":77,"column":6},"end":{"line":77,"column":26}},"49":{"start":{"line":79,"column":6},"end":{"line":79,"column":21}},"50":{"start":{"line":80,"column":6},"end":{"line":80,"column":26}},"51":{"start":{"line":83,"column":25},"end":{"line":91,"column":3}},"52":{"start":{"line":84,"column":4},"end":{"line":90,"column":5}},"53":{"start":{"line":85,"column":6},"end":{"line":85,"column":20}},"54":{"start":{"line":86,"column":6},"end":{"line":86,"column":26}},"55":{"start":{"line":88,"column":6},"end":{"line":88,"column":21}},"56":{"start":{"line":89,"column":6},"end":{"line":89,"column":26}},"57":{"start":{"line":93,"column":19},"end":{"line":101,"column":3}},"58":{"start":{"line":94,"column":4},"end":{"line":100,"column":5}},"59":{"start":{"line":95,"column":6},"end":{"line":95,"column":36}},"60":{"start":{"line":96,"column":6},"end":{"line":96,"column":19}},"61":{"start":{"line":97,"column":6},"end":{"line":97,"column":26}},"62":{"start":{"line":99,"column":6},"end":{"line":99,"column":47}},"63":{"start":{"line":103,"column":21},"end":{"line":115,"column":3}},"64":{"start":{"line":104,"column":4},"end":{"line":114,"column":7}},"65":{"start":{"line":116,"column":21},"end":{"line":118,"column":3}},"66":{"start":{"line":117,"column":4},"end":{"line":117,"column":47}},"67":{"start":{"line":120,"column":18},"end":{"line":126,"column":3}},"68":{"start":{"line":121,"column":4},"end":{"line":121,"column":41}},"69":{"start":{"line":122,"column":4},"end":{"line":122,"column":51}},"70":{"start":{"line":123,"column":4},"end":{"line":123,"column":47}},"71":{"start":{"line":124,"column":4},"end":{"line":124,"column":45}},"72":{"start":{"line":125,"column":4},"end":{"line":125,"column":50}},"73":{"start":{"line":128,"column":22},"end":{"line":131,"column":3}},"74":{"start":{"line":129,"column":4},"end":{"line":129,"column":28}},"75":{"start":{"line":130,"column":4},"end":{"line":130,"column":25}},"76":{"start":{"line":133,"column":23},"end":{"line":136,"column":3}},"77":{"start":{"line":134,"column":4},"end":{"line":134,"column":28}},"78":{"start":{"line":135,"column":4},"end":{"line":135,"column":25}},"79":{"start":{"line":138,"column":28},"end":{"line":140,"column":3}},"80":{"start":{"line":139,"column":4},"end":{"line":139,"column":40}},"81":{"start":{"line":144,"column":2},"end":{"line":224,"column":3}},"82":{"start":{"line":145,"column":4},"end":{"line":221,"column":6}},"83":{"start":{"line":223,"column":4},"end":{"line":223,"column":60}}},"fnMap":{"0":{"name":"(anonymous_0)","decl":{"start":{"line":4,"column":20},"end":{"line":4,"column":21}},"loc":{"start":{"line":4,"column":76},"end":{"line":225,"column":1}},"line":4},"1":{"name":"(anonymous_1)","decl":{"start":{"line":7,"column":4},"end":{"line":7,"column":5}},"loc":{"start":{"line":7,"column":16},"end":{"line":7,"column":50}},"line":7},"2":{"name":"(anonymous_2)","decl":{"start":{"line":23,"column":21},"end":{"line":23,"column":22}},"loc":{"start":{"line":23,"column":27},"end":{"line":30,"column":3}},"line":23},"3":{"name":"(anonymous_3)","decl":{"start":{"line":25,"column":12},"end":{"line":25,"column":13}},"loc":{"start":{"line":25,"column":26},"end":{"line":25,"column":41}},"line":25},"4":{"name":"(anonymous_4)","decl":{"start":{"line":26,"column":12},"end":{"line":26,"column":13}},"loc":{"start":{"line":26,"column":25},"end":{"line":28,"column":7}},"line":26},"5":{"name":"(anonymous_5)","decl":{"start":{"line":29,"column":13},"end":{"line":29,"column":14}},"loc":{"start":{"line":29,"column":24},"end":{"line":29,"column":42}},"line":29},"6":{"name":"(anonymous_6)","decl":{"start":{"line":33,"column":22},"end":{"line":33,"column":23}},"loc":{"start":{"line":33,"column":28},"end":{"line":36,"column":3}},"line":33},"7":{"name":"(anonymous_7)","decl":{"start":{"line":38,"column":12},"end":{"line":38,"column":13}},"loc":{"start":{"line":38,"column":18},"end":{"line":48,"column":3}},"line":38},"8":{"name":"(anonymous_8)","decl":{"start":{"line":50,"column":12},"end":{"line":50,"column":13}},"loc":{"start":{"line":50,"column":18},"end":{"line":54,"column":3}},"line":50},"9":{"name":"(anonymous_9)","decl":{"start":{"line":56,"column":26},"end":{"line":56,"column":27}},"loc":{"start":{"line":56,"column":32},"end":{"line":64,"column":3}},"line":56},"10":{"name":"(anonymous_10)","decl":{"start":{"line":65,"column":25},"end":{"line":65,"column":26}},"loc":{"start":{"line":65,"column":31},"end":{"line":73,"column":3}},"line":65},"11":{"name":"(anonymous_11)","decl":{"start":{"line":74,"column":21},"end":{"line":74,"column":22}},"loc":{"start":{"line":74,"column":27},"end":{"line":82,"column":3}},"line":74},"12":{"name":"(anonymous_12)","decl":{"start":{"line":83,"column":25},"end":{"line":83,"column":26}},"loc":{"start":{"line":83,"column":31},"end":{"line":91,"column":3}},"line":83},"13":{"name":"(anonymous_13)","decl":{"start":{"line":93,"column":19},"end":{"line":93,"column":20}},"loc":{"start":{"line":93,"column":25},"end":{"line":101,"column":3}},"line":93},"14":{"name":"(anonymous_14)","decl":{"start":{"line":103,"column":21},"end":{"line":103,"column":22}},"loc":{"start":{"line":103,"column":27},"end":{"line":115,"column":3}},"line":103},"15":{"name":"(anonymous_15)","decl":{"start":{"line":116,"column":21},"end":{"line":116,"column":22}},"loc":{"start":{"line":116,"column":27},"end":{"line":118,"column":3}},"line":116},"16":{"name":"(anonymous_16)","decl":{"start":{"line":120,"column":18},"end":{"line":120,"column":19}},"loc":{"start":{"line":120,"column":24},"end":{"line":126,"column":3}},"line":120},"17":{"name":"(anonymous_17)","decl":{"start":{"line":128,"column":22},"end":{"line":128,"column":23}},"loc":{"start":{"line":128,"column":28},"end":{"line":131,"column":3}},"line":128},"18":{"name":"(anonymous_18)","decl":{"start":{"line":133,"column":23},"end":{"line":133,"column":24}},"loc":{"start":{"line":133,"column":29},"end":{"line":136,"column":3}},"line":133},"19":{"name":"(anonymous_19)","decl":{"start":{"line":138,"column":28},"end":{"line":138,"column":29}},"loc":{"start":{"line":138,"column":34},"end":{"line":140,"column":3}},"line":138}},"branchMap":{"0":{"loc":{"start":{"line":39,"column":4},"end":{"line":47,"column":5}},"type":"if","locations":[{"start":{"line":39,"column":4},"end":{"line":47,"column":5}},{"start":{"line":41,"column":11},"end":{"line":47,"column":5}}],"line":39},"1":{"loc":{"start":{"line":41,"column":11},"end":{"line":47,"column":5}},"type":"if","locations":[{"start":{"line":41,"column":11},"end":{"line":47,"column":5}},{"start":{"line":43,"column":11},"end":{"line":47,"column":5}}],"line":41},"2":{"loc":{"start":{"line":43,"column":11},"end":{"line":47,"column":5}},"type":"if","locations":[{"start":{"line":43,"column":11},"end":{"line":47,"column":5}},{"start":{"line":45,"column":11},"end":{"line":47,"column":5}}],"line":43},"3":{"loc":{"start":{"line":45,"column":11},"end":{"line":47,"column":5}},"type":"if","locations":[{"start":{"line":45,"column":11},"end":{"line":47,"column":5}},{"start":{},"end":{}}],"line":45},"4":{"loc":{"start":{"line":51,"column":4},"end":{"line":53,"column":5}},"type":"if","locations":[{"start":{"line":51,"column":4},"end":{"line":53,"column":5}},{"start":{},"end":{}}],"line":51},"5":{"loc":{"start":{"line":57,"column":4},"end":{"line":63,"column":5}},"type":"if","locations":[{"start":{"line":57,"column":4},"end":{"line":63,"column":5}},{"start":{"line":60,"column":11},"end":{"line":63,"column":5}}],"line":57},"6":{"loc":{"start":{"line":66,"column":4},"end":{"line":72,"column":5}},"type":"if","locations":[{"start":{"line":66,"column":4},"end":{"line":72,"column":5}},{"start":{"line":69,"column":11},"end":{"line":72,"column":5}}],"line":66},"7":{"loc":{"start":{"line":75,"column":4},"end":{"line":81,"column":5}},"type":"if","locations":[{"start":{"line":75,"column":4},"end":{"line":81,"column":5}},{"start":{"line":78,"column":11},"end":{"line":81,"column":5}}],"line":75},"8":{"loc":{"start":{"line":84,"column":4},"end":{"line":90,"column":5}},"type":"if","locations":[{"start":{"line":84,"column":4},"end":{"line":90,"column":5}},{"start":{"line":87,"column":11},"end":{"line":90,"column":5}}],"line":84},"9":{"loc":{"start":{"line":94,"column":4},"end":{"line":100,"column":5}},"type":"if","locations":[{"start":{"line":94,"column":4},"end":{"line":100,"column":5}},{"start":{"line":98,"column":11},"end":{"line":100,"column":5}}],"line":94},"10":{"loc":{"start":{"line":144,"column":2},"end":{"line":224,"column":3}},"type":"if","locations":[{"start":{"line":144,"column":2},"end":{"line":224,"column":3}},{"start":{"line":222,"column":9},"end":{"line":224,"column":3}}],"line":144},"11":{"loc":{"start":{"line":158,"column":11},"end":{"line":183,"column":11}},"type":"binary-expr","locations":[{"start":{"line":158,"column":11},"end":{"line":158,"column":21}},{"start":{"line":159,"column":12},"end":{"line":182,"column":19}}],"line":158},"12":{"loc":{"start":{"line":194,"column":24},"end":{"line":194,"column":68}},"type":"binary-expr","locations":[{"start":{"line":194,"column":24},"end":{"line":194,"column":45}},{"start":{"line":194,"column":49},"end":{"line":194,"column":68}}],"line":194},"13":{"loc":{"start":{"line":199,"column":11},"end":{"line":218,"column":11}},"type":"binary-expr","locations":[{"start":{"line":199,"column":11},"end":{"line":199,"column":23}},{"start":{"line":200,"column":12},"end":{"line":217,"column":19}}],"line":199}},"s":{"0":1,"1":2,"2":0,"3":2,"4":2,"5":2,"6":2,"7":2,"8":2,"9":2,"10":2,"11":2,"12":2,"13":2,"14":0,"15":0,"16":0,"17":0,"18":2,"19":0,"20":0,"21":2,"22":2,"23":0,"24":2,"25":0,"26":2,"27":0,"28":2,"29":0,"30":2,"31":2,"32":0,"33":2,"34":0,"35":0,"36":0,"37":0,"38":0,"39":2,"40":0,"41":0,"42":0,"43":0,"44":0,"45":2,"46":0,"47":0,"48":0,"49":0,"50":0,"51":2,"52":0,"53":0,"54":0,"55":0,"56":0,"57":2,"58":0,"59":0,"60":0,"61":0,"62":0,"63":2,"64":0,"65":2,"66":0,"67":2,"68":0,"69":0,"70":0,"71":0,"72":0,"73":2,"74":0,"75":0,"76":2,"77":0,"78":0,"79":2,"80":0,"81":2,"82":1,"83":1},"f":{"0":2,"1":0,"2":0,"3":0,"4":0,"5":0,"6":0,"7":2,"8":2,"9":0,"10":0,"11":0,"12":0,"13":0,"14":0,"15":0,"16":0,"17":0,"18":0,"19":0},"b":{"0":[0,2],"1":[0,2],"2":[0,2],"3":[0,2],"4":[0,2],"5":[0,0],"6":[0,0],"7":[0,0],"8":[0,0],"9":[0,0],"10":[1,1],"11":[1,0],"12":[1,0],"13":[1,0]},"_coverageSchema":"1a1c01bbd47fc00a2c39e90264f33305004495a9","hash":"c3f5ac859f758c42cc1ce7817669dea73003ef55"}
,"/Users/learnacademy/Desktop/Flavian-Fairway/app/javascript/components/pages/Home.js": {"path":"/Users/learnacademy/Desktop/Flavian-Fairway/app/javascript/components/pages/Home.js","statementMap":{"0":{"start":{"line":4,"column":13},"end":{"line":46,"column":1}},"1":{"start":{"line":5,"column":24},"end":{"line":5,"column":29}},"2":{"start":{"line":7,"column":2},"end":{"line":45,"column":3}},"3":{"start":{"line":8,"column":4},"end":{"line":26,"column":6}},"4":{"start":{"line":28,"column":4},"end":{"line":44,"column":6}}},"fnMap":{"0":{"name":"(anonymous_0)","decl":{"start":{"line":4,"column":13},"end":{"line":4,"column":14}},"loc":{"start":{"line":4,"column":24},"end":{"line":46,"column":1}},"line":4}},"branchMap":{"0":{"loc":{"start":{"line":7,"column":2},"end":{"line":45,"column":3}},"type":"if","locations":[{"start":{"line":7,"column":2},"end":{"line":45,"column":3}},{"start":{"line":27,"column":9},"end":{"line":45,"column":3}}],"line":7}},"s":{"0":1,"1":2,"2":2,"3":1,"4":1},"f":{"0":2},"b":{"0":[1,1]},"_coverageSchema":"1a1c01bbd47fc00a2c39e90264f33305004495a9","hash":"2f4812fd102a436cd5f917603e4788a3f0e3d64f"}
,"/Users/learnacademy/Desktop/Flavian-Fairway/app/javascript/components/pages/LeaderBoard.js": {"path":"/Users/learnacademy/Desktop/Flavian-Fairway/app/javascript/components/pages/LeaderBoard.js","statementMap":{"0":{"start":{"line":4,"column":20},"end":{"line":50,"column":1}},"1":{"start":{"line":5,"column":22},"end":{"line":5,"column":43}},"2":{"start":{"line":6,"column":28},"end":{"line":6,"column":40}},"3":{"start":{"line":8,"column":2},"end":{"line":10,"column":9}},"4":{"start":{"line":9,"column":4},"end":{"line":9,"column":16}},"5":{"start":{"line":12,"column":20},"end":{"line":19,"column":3}},"6":{"start":{"line":13,"column":4},"end":{"line":18,"column":44}},"7":{"start":{"line":14,"column":26},"end":{"line":14,"column":41}},"8":{"start":{"line":16,"column":8},"end":{"line":16,"column":26}},"9":{"start":{"line":18,"column":24},"end":{"line":18,"column":42}},"10":{"start":{"line":21,"column":2},"end":{"line":49,"column":4}},"11":{"start":{"line":36,"column":25},"end":{"line":36,"column":74}},"12":{"start":{"line":36,"column":47},"end":{"line":36,"column":73}},"13":{"start":{"line":37,"column":12},"end":{"line":44,"column":14}}},"fnMap":{"0":{"name":"(anonymous_0)","decl":{"start":{"line":4,"column":20},"end":{"line":4,"column":21}},"loc":{"start":{"line":4,"column":37},"end":{"line":50,"column":1}},"line":4},"1":{"name":"(anonymous_1)","decl":{"start":{"line":8,"column":12},"end":{"line":8,"column":13}},"loc":{"start":{"line":8,"column":18},"end":{"line":10,"column":3}},"line":8},"2":{"name":"(anonymous_2)","decl":{"start":{"line":12,"column":20},"end":{"line":12,"column":21}},"loc":{"start":{"line":12,"column":26},"end":{"line":19,"column":3}},"line":12},"3":{"name":"(anonymous_3)","decl":{"start":{"line":14,"column":12},"end":{"line":14,"column":13}},"loc":{"start":{"line":14,"column":26},"end":{"line":14,"column":41}},"line":14},"4":{"name":"(anonymous_4)","decl":{"start":{"line":15,"column":12},"end":{"line":15,"column":13}},"loc":{"start":{"line":15,"column":25},"end":{"line":17,"column":7}},"line":15},"5":{"name":"(anonymous_5)","decl":{"start":{"line":18,"column":13},"end":{"line":18,"column":14}},"loc":{"start":{"line":18,"column":24},"end":{"line":18,"column":42}},"line":18},"6":{"name":"(anonymous_6)","decl":{"start":{"line":35,"column":28},"end":{"line":35,"column":29}},"loc":{"start":{"line":35,"column":47},"end":{"line":45,"column":11}},"line":35},"7":{"name":"(anonymous_7)","decl":{"start":{"line":36,"column":37},"end":{"line":36,"column":38}},"loc":{"start":{"line":36,"column":47},"end":{"line":36,"column":73}},"line":36}},"branchMap":{},"s":{"0":1,"1":1,"2":1,"3":1,"4":1,"5":1,"6":1,"7":0,"8":0,"9":0,"10":1,"11":0,"12":0,"13":0},"f":{"0":1,"1":1,"2":1,"3":0,"4":0,"5":0,"6":0,"7":0},"b":{},"_coverageSchema":"1a1c01bbd47fc00a2c39e90264f33305004495a9","hash":"a8667730668da90a4496ae632cc5ba2b3a723f21"}
,"/Users/learnacademy/Desktop/Flavian-Fairway/app/javascript/components/pages/MetricsEdit.js": {"path":"/Users/learnacademy/Desktop/Flavian-Fairway/app/javascript/components/pages/MetricsEdit.js","statementMap":{"0":{"start":{"line":5,"column":19},"end":{"line":102,"column":1}},"1":{"start":{"line":6,"column":19},"end":{"line":6,"column":32}},"2":{"start":{"line":7,"column":17},"end":{"line":7,"column":28}},"3":{"start":{"line":8,"column":24},"end":{"line":8,"column":68}},"4":{"start":{"line":8,"column":50},"end":{"line":8,"column":67}},"5":{"start":{"line":9,"column":38},"end":{"line":18,"column":4}},"6":{"start":{"line":20,"column":23},"end":{"line":22,"column":3}},"7":{"start":{"line":21,"column":4},"end":{"line":21,"column":70}},"8":{"start":{"line":24,"column":23},"end":{"line":27,"column":3}},"9":{"start":{"line":25,"column":4},"end":{"line":25,"column":47}},"10":{"start":{"line":26,"column":4},"end":{"line":26,"column":48}},"11":{"start":{"line":29,"column":2},"end":{"line":101,"column":4}}},"fnMap":{"0":{"name":"(anonymous_0)","decl":{"start":{"line":5,"column":19},"end":{"line":5,"column":20}},"loc":{"start":{"line":5,"column":64},"end":{"line":102,"column":1}},"line":5},"1":{"name":"(anonymous_1)","decl":{"start":{"line":8,"column":38},"end":{"line":8,"column":39}},"loc":{"start":{"line":8,"column":50},"end":{"line":8,"column":67}},"line":8},"2":{"name":"(anonymous_2)","decl":{"start":{"line":20,"column":23},"end":{"line":20,"column":24}},"loc":{"start":{"line":20,"column":30},"end":{"line":22,"column":3}},"line":20},"3":{"name":"(anonymous_3)","decl":{"start":{"line":24,"column":23},"end":{"line":24,"column":24}},"loc":{"start":{"line":24,"column":29},"end":{"line":27,"column":3}},"line":24}},"branchMap":{},"s":{"0":1,"1":1,"2":1,"3":1,"4":0,"5":1,"6":1,"7":0,"8":1,"9":0,"10":0,"11":1},"f":{"0":1,"1":0,"2":0,"3":0},"b":{},"_coverageSchema":"1a1c01bbd47fc00a2c39e90264f33305004495a9","hash":"01a898c5c287b15e9a86220ce998ea76afb8f26b"}
,"/Users/learnacademy/Desktop/Flavian-Fairway/app/javascript/components/pages/MetricsNew.js": {"path":"/Users/learnacademy/Desktop/Flavian-Fairway/app/javascript/components/pages/MetricsNew.js","statementMap":{"0":{"start":{"line":5,"column":19},"end":{"line":100,"column":1}},"1":{"start":{"line":6,"column":19},"end":{"line":6,"column":32}},"2":{"start":{"line":8,"column":36},"end":{"line":18,"column":4}},"3":{"start":{"line":20,"column":23},"end":{"line":22,"column":3}},"4":{"start":{"line":21,"column":4},"end":{"line":21,"column":68}},"5":{"start":{"line":24,"column":23},"end":{"line":27,"column":3}},"6":{"start":{"line":25,"column":4},"end":{"line":25,"column":28}},"7":{"start":{"line":26,"column":4},"end":{"line":26,"column":48}},"8":{"start":{"line":29,"column":2},"end":{"line":99,"column":4}}},"fnMap":{"0":{"name":"(anonymous_0)","decl":{"start":{"line":5,"column":19},"end":{"line":5,"column":20}},"loc":{"start":{"line":5,"column":55},"end":{"line":100,"column":1}},"line":5},"1":{"name":"(anonymous_1)","decl":{"start":{"line":20,"column":23},"end":{"line":20,"column":24}},"loc":{"start":{"line":20,"column":30},"end":{"line":22,"column":3}},"line":20},"2":{"name":"(anonymous_2)","decl":{"start":{"line":24,"column":23},"end":{"line":24,"column":24}},"loc":{"start":{"line":24,"column":29},"end":{"line":27,"column":3}},"line":24}},"branchMap":{},"s":{"0":1,"1":1,"2":1,"3":1,"4":0,"5":1,"6":0,"7":0,"8":1},"f":{"0":1,"1":0,"2":0},"b":{},"_coverageSchema":"1a1c01bbd47fc00a2c39e90264f33305004495a9","hash":"baf3acad40cad37aec2ca26065cce89c117bc779"}
,"/Users/learnacademy/Desktop/Flavian-Fairway/app/javascript/components/pages/MetricsShow.js": {"path":"/Users/learnacademy/Desktop/Flavian-Fairway/app/javascript/components/pages/MetricsShow.js","statementMap":{"0":{"start":{"line":12,"column":20},"end":{"line":106,"column":1}},"1":{"start":{"line":16,"column":17},"end":{"line":16,"column":28}},"2":{"start":{"line":17,"column":24},"end":{"line":19,"column":3}},"3":{"start":{"line":18,"column":16},"end":{"line":18,"column":60}},"4":{"start":{"line":21,"column":28},"end":{"line":21,"column":43}},"5":{"start":{"line":22,"column":17},"end":{"line":22,"column":39}},"6":{"start":{"line":22,"column":23},"end":{"line":22,"column":39}},"7":{"start":{"line":24,"column":2},"end":{"line":105,"column":3}},"8":{"start":{"line":25,"column":4},"end":{"line":32,"column":6}},"9":{"start":{"line":34,"column":4},"end":{"line":104,"column":6}},"10":{"start":{"line":89,"column":39},"end":{"line":89,"column":74}}},"fnMap":{"0":{"name":"(anonymous_0)","decl":{"start":{"line":12,"column":20},"end":{"line":12,"column":21}},"loc":{"start":{"line":15,"column":5},"end":{"line":106,"column":1}},"line":15},"1":{"name":"(anonymous_1)","decl":{"start":{"line":18,"column":4},"end":{"line":18,"column":5}},"loc":{"start":{"line":18,"column":16},"end":{"line":18,"column":60}},"line":18},"2":{"name":"(anonymous_2)","decl":{"start":{"line":22,"column":17},"end":{"line":22,"column":18}},"loc":{"start":{"line":22,"column":23},"end":{"line":22,"column":39}},"line":22},"3":{"name":"(anonymous_3)","decl":{"start":{"line":89,"column":33},"end":{"line":89,"column":34}},"loc":{"start":{"line":89,"column":39},"end":{"line":89,"column":74}},"line":89}},"branchMap":{"0":{"loc":{"start":{"line":18,"column":16},"end":{"line":18,"column":60}},"type":"binary-expr","locations":[{"start":{"line":18,"column":16},"end":{"line":18,"column":22}},{"start":{"line":18,"column":26},"end":{"line":18,"column":60}}],"line":18},"1":{"loc":{"start":{"line":24,"column":2},"end":{"line":105,"column":3}},"type":"if","locations":[{"start":{"line":24,"column":2},"end":{"line":105,"column":3}},{"start":{"line":33,"column":9},"end":{"line":105,"column":3}}],"line":24},"2":{"loc":{"start":{"line":24,"column":6},"end":{"line":24,"column":33}},"type":"binary-expr","locations":[{"start":{"line":24,"column":6},"end":{"line":24,"column":15}},{"start":{"line":24,"column":19},"end":{"line":24,"column":33}}],"line":24},"3":{"loc":{"start":{"line":36,"column":9},"end":{"line":102,"column":9}},"type":"binary-expr","locations":[{"start":{"line":36,"column":9},"end":{"line":36,"column":22}},{"start":{"line":37,"column":10},"end":{"line":101,"column":16}}],"line":36}},"s":{"0":1,"1":3,"2":3,"3":0,"4":3,"5":3,"6":0,"7":3,"8":1,"9":2,"10":0},"f":{"0":3,"1":0,"2":0,"3":0},"b":{"0":[0,0],"1":[1,2],"2":[3,1],"3":[2,0]},"_coverageSchema":"1a1c01bbd47fc00a2c39e90264f33305004495a9","hash":"cac604104af9eca8df2b084b6d92277c73d47f03"}
,"/Users/learnacademy/Desktop/Flavian-Fairway/app/javascript/components/pages/NotFound.js": {"path":"/Users/learnacademy/Desktop/Flavian-Fairway/app/javascript/components/pages/NotFound.js","statementMap":{"0":{"start":{"line":3,"column":17},"end":{"line":17,"column":1}},"1":{"start":{"line":4,"column":2},"end":{"line":16,"column":4}}},"fnMap":{"0":{"name":"(anonymous_0)","decl":{"start":{"line":3,"column":17},"end":{"line":3,"column":18}},"loc":{"start":{"line":3,"column":23},"end":{"line":17,"column":1}},"line":3}},"branchMap":{},"s":{"0":1,"1":1},"f":{"0":1},"b":{},"_coverageSchema":"1a1c01bbd47fc00a2c39e90264f33305004495a9","hash":"d91d3a9c2bbcc1455260d7ddeb00ca3280c7103d"}
}
